{"numTotalTestSuites":18,"numPassedTestSuites":15,"numFailedTestSuites":3,"numPendingTestSuites":0,"numTotalTests":40,"numPassedTests":39,"numFailedTests":1,"numPendingTests":0,"numTodoTests":0,"snapshot":{"added":0,"failure":false,"filesAdded":0,"filesRemoved":0,"filesRemovedList":[],"filesUnmatched":0,"filesUpdated":0,"matched":0,"total":0,"unchecked":0,"uncheckedKeysByFile":[],"unmatched":0,"updated":0,"didUpdate":false},"startTime":1770132728003,"success":false,"testResults":[{"assertionResults":[{"ancestorTitles":["groupFilesByExtension (Pure Function)","Example-based tests"],"fullName":"groupFilesByExtension (Pure Function) Example-based tests should group files by extension","status":"passed","title":"should group files by extension","duration":1.0874000000000024,"failureMessages":[],"meta":{}},{"ancestorTitles":["groupFilesByExtension (Pure Function)","Example-based tests"],"fullName":"groupFilesByExtension (Pure Function) Example-based tests should handle files without extensions","status":"passed","title":"should handle files without extensions","duration":0.13339999999999463,"failureMessages":[],"meta":{}},{"ancestorTitles":["groupFilesByExtension (Pure Function)","Example-based tests"],"fullName":"groupFilesByExtension (Pure Function) Example-based tests should handle mixed files with and without extensions","status":"passed","title":"should handle mixed files with and without extensions","duration":0.20539999999999736,"failureMessages":[],"meta":{}},{"ancestorTitles":["groupFilesByExtension (Pure Function)","Example-based tests"],"fullName":"groupFilesByExtension (Pure Function) Example-based tests should handle empty array","status":"passed","title":"should handle empty array","duration":0.1209999999999809,"failureMessages":[],"meta":{}},{"ancestorTitles":["groupFilesByExtension (Pure Function)","Example-based tests"],"fullName":"groupFilesByExtension (Pure Function) Example-based tests should handle single file","status":"passed","title":"should handle single file","duration":0.1652000000000271,"failureMessages":[],"meta":{}},{"ancestorTitles":["groupFilesByExtension (Pure Function)","Example-based tests"],"fullName":"groupFilesByExtension (Pure Function) Example-based tests should handle files with same extension","status":"passed","title":"should handle files with same extension","duration":0.11549999999999727,"failureMessages":[],"meta":{}},{"ancestorTitles":["groupFilesByExtension (Pure Function)","Example-based tests"],"fullName":"groupFilesByExtension (Pure Function) Example-based tests should handle multiple dot extensions","status":"passed","title":"should handle multiple dot extensions","duration":0.09750000000002501,"failureMessages":[],"meta":{}},{"ancestorTitles":["groupFilesByExtension (Pure Function)","Example-based tests"],"fullName":"groupFilesByExtension (Pure Function) Example-based tests should be case-sensitive","status":"passed","title":"should be case-sensitive","duration":0.1149000000000342,"failureMessages":[],"meta":{}},{"ancestorTitles":["groupFilesByExtension (Pure Function)","Property-based tests"],"fullName":"groupFilesByExtension (Pure Function) Property-based tests should not mutate input array","status":"passed","title":"should not mutate input array","duration":39.24180000000001,"failureMessages":[],"meta":{}},{"ancestorTitles":["groupFilesByExtension (Pure Function)","Property-based tests"],"fullName":"groupFilesByExtension (Pure Function) Property-based tests should return new Map each time","status":"passed","title":"should return new Map each time","duration":18.98750000000001,"failureMessages":[],"meta":{}},{"ancestorTitles":["groupFilesByExtension (Pure Function)","Property-based tests"],"fullName":"groupFilesByExtension (Pure Function) Property-based tests should have total count equal to input length","status":"passed","title":"should have total count equal to input length","duration":18.44369999999998,"failureMessages":[],"meta":{}},{"ancestorTitles":["groupFilesByExtension (Pure Function)","Property-based tests"],"fullName":"groupFilesByExtension (Pure Function) Property-based tests should always return a Map","status":"passed","title":"should always return a Map","duration":16.7149,"failureMessages":[],"meta":{}},{"ancestorTitles":["groupFilesByExtension (Pure Function)","Property-based tests"],"fullName":"groupFilesByExtension (Pure Function) Property-based tests should have all counts > 0","status":"passed","title":"should have all counts > 0","duration":18.0385,"failureMessages":[],"meta":{}},{"ancestorTitles":["groupFilesByExtension (Pure Function)","Immutability tests"],"fullName":"groupFilesByExtension (Pure Function) Immutability tests should not modify input array","status":"passed","title":"should not modify input array","duration":0.16449999999997544,"failureMessages":[],"meta":{}},{"ancestorTitles":["calculateTotalSize (Pure Function)","Example-based tests"],"fullName":"calculateTotalSize (Pure Function) Example-based tests should return 0 (placeholder implementation)","status":"passed","title":"should return 0 (placeholder implementation)","duration":0.094600000000014,"failureMessages":[],"meta":{}},{"ancestorTitles":["calculateTotalSize (Pure Function)","Example-based tests"],"fullName":"calculateTotalSize (Pure Function) Example-based tests should handle empty array","status":"passed","title":"should handle empty array","duration":0.06430000000000291,"failureMessages":[],"meta":{}},{"ancestorTitles":["calculateTotalSize (Pure Function)","Property-based tests"],"fullName":"calculateTotalSize (Pure Function) Property-based tests should always return 0 (current implementation)","status":"passed","title":"should always return 0 (current implementation)","duration":7.2841999999999985,"failureMessages":[],"meta":{}},{"ancestorTitles":["calculateTotalSize (Pure Function)","Property-based tests"],"fullName":"calculateTotalSize (Pure Function) Property-based tests should not mutate input","status":"passed","title":"should not mutate input","duration":10.078900000000033,"failureMessages":[],"meta":{}},{"ancestorTitles":["calculateStats (Pure Function)","Example-based tests"],"fullName":"calculateStats (Pure Function) Example-based tests should calculate basic statistics","status":"passed","title":"should calculate basic statistics","duration":0.3104000000000724,"failureMessages":[],"meta":{}},{"ancestorTitles":["calculateStats (Pure Function)","Example-based tests"],"fullName":"calculateStats (Pure Function) Example-based tests should set cacheHit flag correctly","status":"passed","title":"should set cacheHit flag correctly","duration":0.09510000000000218,"failureMessages":[],"meta":{}},{"ancestorTitles":["calculateStats (Pure Function)","Example-based tests"],"fullName":"calculateStats (Pure Function) Example-based tests should handle empty file list","status":"passed","title":"should handle empty file list","duration":0.1188000000000784,"failureMessages":[],"meta":{}},{"ancestorTitles":["calculateStats (Pure Function)","Example-based tests"],"fullName":"calculateStats (Pure Function) Example-based tests should calculate scan time accurately","status":"passed","title":"should calculate scan time accurately","duration":0.08159999999998035,"failureMessages":[],"meta":{}},{"ancestorTitles":["calculateStats (Pure Function)","Property-based tests"],"fullName":"calculateStats (Pure Function) Property-based tests should not mutate input array","status":"passed","title":"should not mutate input array","duration":13.879699999999957,"failureMessages":[],"meta":{}},{"ancestorTitles":["calculateStats (Pure Function)","Property-based tests"],"fullName":"calculateStats (Pure Function) Property-based tests should have totalFiles equal to input length","status":"passed","title":"should have totalFiles equal to input length","duration":17.021799999999985,"failureMessages":[],"meta":{}},{"ancestorTitles":["calculateStats (Pure Function)","Property-based tests"],"fullName":"calculateStats (Pure Function) Property-based tests should always have non-negative scanTime","status":"passed","title":"should always have non-negative scanTime","duration":17.177400000000034,"failureMessages":[],"meta":{}},{"ancestorTitles":["calculateStats (Pure Function)","Property-based tests"],"fullName":"calculateStats (Pure Function) Property-based tests should return consistent results for same inputs","status":"passed","title":"should return consistent results for same inputs","duration":18.548000000000002,"failureMessages":[],"meta":{}},{"ancestorTitles":["calculateStats (Pure Function)","Immutability tests"],"fullName":"calculateStats (Pure Function) Immutability tests should not mutate input files array","status":"passed","title":"should not mutate input files array","duration":0.13040000000000873,"failureMessages":[],"meta":{}},{"ancestorTitles":["formatExtensionBreakdown (Pure Function)","Example-based tests"],"fullName":"formatExtensionBreakdown (Pure Function) Example-based tests should format extension breakdown as string","status":"passed","title":"should format extension breakdown as string","duration":0.26279999999997017,"failureMessages":[],"meta":{}},{"ancestorTitles":["formatExtensionBreakdown (Pure Function)","Example-based tests"],"fullName":"formatExtensionBreakdown (Pure Function) Example-based tests should sort by count descending","status":"passed","title":"should sort by count descending","duration":0.12339999999994689,"failureMessages":[],"meta":{}},{"ancestorTitles":["formatExtensionBreakdown (Pure Function)","Example-based tests"],"fullName":"formatExtensionBreakdown (Pure Function) Example-based tests should handle empty map","status":"passed","title":"should handle empty map","duration":0.06529999999997926,"failureMessages":[],"meta":{}},{"ancestorTitles":["formatExtensionBreakdown (Pure Function)","Example-based tests"],"fullName":"formatExtensionBreakdown (Pure Function) Example-based tests should handle single entry","status":"passed","title":"should handle single entry","duration":0.06769999999994525,"failureMessages":[],"meta":{}},{"ancestorTitles":["formatExtensionBreakdown (Pure Function)","Example-based tests"],"fullName":"formatExtensionBreakdown (Pure Function) Example-based tests should join with commas","status":"passed","title":"should join with commas","duration":0.06960000000003674,"failureMessages":[],"meta":{}},{"ancestorTitles":["formatExtensionBreakdown (Pure Function)","Property-based tests"],"fullName":"formatExtensionBreakdown (Pure Function) Property-based tests should not mutate input map","status":"passed","title":"should not mutate input map","duration":14.260099999999966,"failureMessages":[],"meta":{}},{"ancestorTitles":["formatExtensionBreakdown (Pure Function)","Property-based tests"],"fullName":"formatExtensionBreakdown (Pure Function) Property-based tests should always return a string","status":"passed","title":"should always return a string","duration":22.354000000000042,"failureMessages":[],"meta":{}},{"ancestorTitles":["calculateSummary (Pure Function)","Example-based tests"],"fullName":"calculateSummary (Pure Function) Example-based tests should calculate summary statistics","status":"passed","title":"should calculate summary statistics","duration":0.21200000000010277,"failureMessages":[],"meta":{}},{"ancestorTitles":["calculateSummary (Pure Function)","Example-based tests"],"fullName":"calculateSummary (Pure Function) Example-based tests should handle zero files without division error","status":"passed","title":"should handle zero files without division error","duration":0.09940000000005966,"failureMessages":[],"meta":{}},{"ancestorTitles":["calculateSummary (Pure Function)","Example-based tests"],"fullName":"calculateSummary (Pure Function) Example-based tests should calculate unique extensions correctly","status":"passed","title":"should calculate unique extensions correctly","duration":0.0747000000000071,"failureMessages":[],"meta":{}},{"ancestorTitles":["calculateSummary (Pure Function)","Example-based tests"],"fullName":"calculateSummary (Pure Function) Example-based tests should preserve cacheHit flag","status":"passed","title":"should preserve cacheHit flag","duration":0.10170000000005075,"failureMessages":[],"meta":{}},{"ancestorTitles":["calculateSummary (Pure Function)","Property-based tests"],"fullName":"calculateSummary (Pure Function) Property-based tests should preserve totalFiles","status":"passed","title":"should preserve totalFiles","duration":6.106899999999996,"failureMessages":[],"meta":{}},{"ancestorTitles":["calculateSummary (Pure Function)","Property-based tests"],"fullName":"calculateSummary (Pure Function) Property-based tests should have avgTimePerFile >= 0","status":"failed","title":"should have avgTimePerFile >= 0","duration":13.299300000000017,"failureMessages":["Error: Property failed after 423 tests\n{ seed: -64190375, path: \"422:1:0:0:0:0:0:0:0:0:0\", endOnFailure: true }\nCounterexample: [1,Number.NaN]\nShrunk 10 time(s)\n\nHint: Enable verbose mode in order to have the list of all failing values encountered during the run\n    at buildError (file:///C:/Users/30694/Desktop/ngcompass_/node_modules/.pnpm/fast-check@4.5.3/node_modules/fast-check/lib/check/runner/utils/RunDetailsFormatter.js:156:19)\n    at throwIfFailed (file:///C:/Users/30694/Desktop/ngcompass_/node_modules/.pnpm/fast-check@4.5.3/node_modules/fast-check/lib/check/runner/utils/RunDetailsFormatter.js:165:11)\n    at reportRunDetails (file:///C:/Users/30694/Desktop/ngcompass_/node_modules/.pnpm/fast-check@4.5.3/node_modules/fast-check/lib/check/runner/utils/RunDetailsFormatter.js:178:16)\n    at Module.assert (file:///C:/Users/30694/Desktop/ngcompass_/node_modules/.pnpm/fast-check@4.5.3/node_modules/fast-check/lib/check/runner/Runner.js:61:9)\n    at C:/Users/30694/Desktop/ngcompass_/packages/core/tests/scanner/stats.test.ts:557:16\n    at file:///C:/Users/30694/Desktop/ngcompass_/node_modules/.pnpm/@vitest+runner@4.0.18/node_modules/@vitest/runner/dist/index.js:145:11\n    at file:///C:/Users/30694/Desktop/ngcompass_/node_modules/.pnpm/@vitest+runner@4.0.18/node_modules/@vitest/runner/dist/index.js:915:26\n    at file:///C:/Users/30694/Desktop/ngcompass_/node_modules/.pnpm/@vitest+runner@4.0.18/node_modules/@vitest/runner/dist/index.js:1243:20\n    at new Promise (<anonymous>)\n    at runWithTimeout (file:///C:/Users/30694/Desktop/ngcompass_/node_modules/.pnpm/@vitest+runner@4.0.18/node_modules/@vitest/runner/dist/index.js:1209:10)"],"meta":{}}],"startTime":1770132728412,"endTime":1770132728669.2993,"status":"failed","message":"","name":"C:/Users/30694/Desktop/ngcompass_/packages/core/tests/scanner/stats.test.ts"}]}